2026-03-02 04:28:31	INFO	Log file created: /Volumes/A/bds/sengo/profile_fetcher_2026-03-02_04-28-31.log
2026-03-02 04:28:31	INFO	profile fetcher job started
2026-03-02 04:28:31	INFO	quota check passed	{"allowed_batch_size": 10}
2026-03-02 04:28:31	INFO	[36m[2026-03-02 04:28:31] Fetching from DB: getting pending profile entries (batch size: 10)[0m
2026-03-02 04:28:31	INFO	[32m[2026-03-02 04:28:31] Fetched from DB: total to process = 10, fetched = 10[0m
2026-03-02 04:28:31	INFO	[36m[2026-03-02 04:28:31] Processing entry 1/10 - URN: parth-thakkar-1070361ba[0m
2026-03-02 04:28:31	INFO	[33m[2026-03-02 04:28:31] Updating DB: setting status to FETCHING for entry parth-thakkar-1070361ba[0m
2026-03-02 04:28:31	INFO	[36m[FETCHING][0m URN: parth-thakkar-1070361ba (attempt 1)
2026-03-02 04:28:38	ERROR	[31m[ERROR][0m URN: parth-thakkar-1070361ba - non-rate-limit error: failed to execute request: Get "https://real-time-people-company-data.p.rapidapi.com/?username=parth-thakkar-1070361ba": dial tcp: lookup real-time-people-company-data.p.rapidapi.com: no such host (attempt 1/3)
2026-03-02 04:28:38	INFO	[35m[SLEEPING][0m URN: parth-thakkar-1070361ba - waiting 1s before retry after error...
2026-03-02 04:28:39	INFO	[36m[FETCHING][0m URN: parth-thakkar-1070361ba (attempt 2)
2026-03-02 04:28:39	ERROR	[31m[ERROR][0m URN: parth-thakkar-1070361ba - non-rate-limit error: failed to execute request: Get "https://real-time-people-company-data.p.rapidapi.com/?username=parth-thakkar-1070361ba": dial tcp: lookup real-time-people-company-data.p.rapidapi.com: no such host (attempt 2/3)
2026-03-02 04:28:39	INFO	[35m[SLEEPING][0m URN: parth-thakkar-1070361ba - waiting 1s before retry after error...
2026-03-02 04:28:40	INFO	[36m[FETCHING][0m URN: parth-thakkar-1070361ba (attempt 3)
2026-03-02 04:28:40	ERROR	[31m[ERROR][0m URN: parth-thakkar-1070361ba - non-rate-limit error: failed to execute request: Get "https://real-time-people-company-data.p.rapidapi.com/?username=parth-thakkar-1070361ba": dial tcp: lookup real-time-people-company-data.p.rapidapi.com: no such host (attempt 3/3)
2026-03-02 04:28:40	ERROR	[31m[FAILED][0m URN: parth-thakkar-1070361ba - giving up after 3 non-rate-limit errors
2026-03-02 04:28:40	INFO	[31m[2026-03-02 04:28:40] Updating DB: setting status to FAILED for entry parth-thakkar-1070361ba[0m
2026-03-02 04:28:40	INFO	[36m[2026-03-02 04:28:40] Processing entry 2/10 - URN: okoh-blessing-efosa-257a14220[0m
2026-03-02 04:28:40	INFO	[33m[2026-03-02 04:28:40] Updating DB: setting status to FETCHING for entry okoh-blessing-efosa-257a14220[0m
2026-03-02 04:28:40	INFO	[36m[FETCHING][0m URN: okoh-blessing-efosa-257a14220 (attempt 1)
2026-03-02 04:28:40	ERROR	[31m[ERROR][0m URN: okoh-blessing-efosa-257a14220 - non-rate-limit error: failed to execute request: Get "https://real-time-people-company-data.p.rapidapi.com/?username=okoh-blessing-efosa-257a14220": dial tcp: lookup real-time-people-company-data.p.rapidapi.com: no such host (attempt 1/3)
2026-03-02 04:28:40	INFO	[35m[SLEEPING][0m URN: okoh-blessing-efosa-257a14220 - waiting 1s before retry after error...
2026-03-02 04:28:41	INFO	[36m[FETCHING][0m URN: okoh-blessing-efosa-257a14220 (attempt 2)
2026-03-02 04:28:41	ERROR	[31m[ERROR][0m URN: okoh-blessing-efosa-257a14220 - non-rate-limit error: failed to execute request: Get "https://real-time-people-company-data.p.rapidapi.com/?username=okoh-blessing-efosa-257a14220": dial tcp: lookup real-time-people-company-data.p.rapidapi.com: no such host (attempt 2/3)
2026-03-02 04:28:41	INFO	[35m[SLEEPING][0m URN: okoh-blessing-efosa-257a14220 - waiting 1s before retry after error...
2026-03-02 04:28:42	INFO	[36m[FETCHING][0m URN: okoh-blessing-efosa-257a14220 (attempt 3)
2026-03-02 04:28:42	ERROR	[31m[ERROR][0m URN: okoh-blessing-efosa-257a14220 - non-rate-limit error: failed to execute request: Get "https://real-time-people-company-data.p.rapidapi.com/?username=okoh-blessing-efosa-257a14220": dial tcp: lookup real-time-people-company-data.p.rapidapi.com: no such host (attempt 3/3)
2026-03-02 04:28:42	ERROR	[31m[FAILED][0m URN: okoh-blessing-efosa-257a14220 - giving up after 3 non-rate-limit errors
2026-03-02 04:28:42	INFO	[31m[2026-03-02 04:28:42] Updating DB: setting status to FAILED for entry okoh-blessing-efosa-257a14220[0m
2026-03-02 04:28:42	INFO	[36m[2026-03-02 04:28:42] Processing entry 3/10 - URN: manisha-mukherjee-617235220[0m
2026-03-02 04:28:42	INFO	[33m[2026-03-02 04:28:42] Updating DB: setting status to FETCHING for entry manisha-mukherjee-617235220[0m
2026-03-02 04:28:42	INFO	[36m[FETCHING][0m URN: manisha-mukherjee-617235220 (attempt 1)
2026-03-02 04:28:42	ERROR	[31m[ERROR][0m URN: manisha-mukherjee-617235220 - non-rate-limit error: failed to execute request: Get "https://real-time-people-company-data.p.rapidapi.com/?username=manisha-mukherjee-617235220": dial tcp: lookup real-time-people-company-data.p.rapidapi.com: no such host (attempt 1/3)
2026-03-02 04:28:42	INFO	[35m[SLEEPING][0m URN: manisha-mukherjee-617235220 - waiting 1s before retry after error...
2026-03-02 04:28:43	INFO	[36m[FETCHING][0m URN: manisha-mukherjee-617235220 (attempt 2)
2026-03-02 04:28:43	ERROR	[31m[ERROR][0m URN: manisha-mukherjee-617235220 - non-rate-limit error: failed to execute request: Get "https://real-time-people-company-data.p.rapidapi.com/?username=manisha-mukherjee-617235220": dial tcp: lookup real-time-people-company-data.p.rapidapi.com: no such host (attempt 2/3)
2026-03-02 04:28:43	INFO	[35m[SLEEPING][0m URN: manisha-mukherjee-617235220 - waiting 1s before retry after error...
2026-03-02 04:28:44	INFO	[36m[FETCHING][0m URN: manisha-mukherjee-617235220 (attempt 3)
2026-03-02 04:28:44	ERROR	[31m[ERROR][0m URN: manisha-mukherjee-617235220 - non-rate-limit error: failed to execute request: Get "https://real-time-people-company-data.p.rapidapi.com/?username=manisha-mukherjee-617235220": dial tcp: lookup real-time-people-company-data.p.rapidapi.com: no such host (attempt 3/3)
2026-03-02 04:28:44	ERROR	[31m[FAILED][0m URN: manisha-mukherjee-617235220 - giving up after 3 non-rate-limit errors
2026-03-02 04:28:44	INFO	[31m[2026-03-02 04:28:44] Updating DB: setting status to FAILED for entry manisha-mukherjee-617235220[0m
2026-03-02 04:28:44	INFO	[36m[2026-03-02 04:28:44] Processing entry 4/10 - URN: jon-amato-1a502a127[0m
2026-03-02 04:28:44	INFO	[33m[2026-03-02 04:28:44] Updating DB: setting status to FETCHING for entry jon-amato-1a502a127[0m
2026-03-02 04:28:44	INFO	[36m[FETCHING][0m URN: jon-amato-1a502a127 (attempt 1)
2026-03-02 04:28:44	ERROR	[31m[ERROR][0m URN: jon-amato-1a502a127 - non-rate-limit error: failed to execute request: Get "https://real-time-people-company-data.p.rapidapi.com/?username=jon-amato-1a502a127": dial tcp: lookup real-time-people-company-data.p.rapidapi.com: no such host (attempt 1/3)
2026-03-02 04:28:44	INFO	[35m[SLEEPING][0m URN: jon-amato-1a502a127 - waiting 1s before retry after error...
2026-03-02 04:28:45	INFO	[36m[FETCHING][0m URN: jon-amato-1a502a127 (attempt 2)
2026-03-02 04:28:45	ERROR	[31m[ERROR][0m URN: jon-amato-1a502a127 - non-rate-limit error: failed to execute request: Get "https://real-time-people-company-data.p.rapidapi.com/?username=jon-amato-1a502a127": dial tcp: lookup real-time-people-company-data.p.rapidapi.com: no such host (attempt 2/3)
2026-03-02 04:28:45	INFO	[35m[SLEEPING][0m URN: jon-amato-1a502a127 - waiting 1s before retry after error...
2026-03-02 04:28:46	INFO	[36m[FETCHING][0m URN: jon-amato-1a502a127 (attempt 3)
2026-03-02 04:28:46	ERROR	[31m[ERROR][0m URN: jon-amato-1a502a127 - non-rate-limit error: failed to execute request: Get "https://real-time-people-company-data.p.rapidapi.com/?username=jon-amato-1a502a127": dial tcp: lookup real-time-people-company-data.p.rapidapi.com: no such host (attempt 3/3)
2026-03-02 04:28:46	ERROR	[31m[FAILED][0m URN: jon-amato-1a502a127 - giving up after 3 non-rate-limit errors
2026-03-02 04:28:46	INFO	[31m[2026-03-02 04:28:46] Updating DB: setting status to FAILED for entry jon-amato-1a502a127[0m
2026-03-02 04:28:46	INFO	[36m[2026-03-02 04:28:46] Processing entry 5/10 - URN: fran-todd-815900220[0m
2026-03-02 04:28:46	INFO	[33m[2026-03-02 04:28:46] Updating DB: setting status to FETCHING for entry fran-todd-815900220[0m
2026-03-02 04:28:46	INFO	[36m[FETCHING][0m URN: fran-todd-815900220 (attempt 1)
2026-03-02 04:28:46	ERROR	[31m[ERROR][0m URN: fran-todd-815900220 - non-rate-limit error: failed to execute request: Get "https://real-time-people-company-data.p.rapidapi.com/?username=fran-todd-815900220": dial tcp: lookup real-time-people-company-data.p.rapidapi.com: no such host (attempt 1/3)
2026-03-02 04:28:46	INFO	[35m[SLEEPING][0m URN: fran-todd-815900220 - waiting 1s before retry after error...
2026-03-02 04:28:47	INFO	[36m[FETCHING][0m URN: fran-todd-815900220 (attempt 2)
2026-03-02 04:28:47	ERROR	[31m[ERROR][0m URN: fran-todd-815900220 - non-rate-limit error: failed to execute request: Get "https://real-time-people-company-data.p.rapidapi.com/?username=fran-todd-815900220": dial tcp: lookup real-time-people-company-data.p.rapidapi.com: no such host (attempt 2/3)
2026-03-02 04:28:47	INFO	[35m[SLEEPING][0m URN: fran-todd-815900220 - waiting 1s before retry after error...
2026-03-02 04:28:48	INFO	[36m[FETCHING][0m URN: fran-todd-815900220 (attempt 3)
2026-03-02 04:28:48	ERROR	[31m[ERROR][0m URN: fran-todd-815900220 - non-rate-limit error: failed to execute request: Get "https://real-time-people-company-data.p.rapidapi.com/?username=fran-todd-815900220": dial tcp: lookup real-time-people-company-data.p.rapidapi.com: no such host (attempt 3/3)
2026-03-02 04:28:48	ERROR	[31m[FAILED][0m URN: fran-todd-815900220 - giving up after 3 non-rate-limit errors
2026-03-02 04:28:48	INFO	[31m[2026-03-02 04:28:48] Updating DB: setting status to FAILED for entry fran-todd-815900220[0m
2026-03-02 04:28:48	INFO	[36m[2026-03-02 04:28:48] Processing entry 6/10 - URN: patel-bansil-ba4b1817b[0m
2026-03-02 04:28:48	INFO	[33m[2026-03-02 04:28:48] Updating DB: setting status to FETCHING for entry patel-bansil-ba4b1817b[0m
2026-03-02 04:28:48	INFO	[36m[FETCHING][0m URN: patel-bansil-ba4b1817b (attempt 1)
2026-03-02 04:28:48	ERROR	[31m[ERROR][0m URN: patel-bansil-ba4b1817b - non-rate-limit error: failed to execute request: Get "https://real-time-people-company-data.p.rapidapi.com/?username=patel-bansil-ba4b1817b": dial tcp: lookup real-time-people-company-data.p.rapidapi.com: no such host (attempt 1/3)
2026-03-02 04:28:48	INFO	[35m[SLEEPING][0m URN: patel-bansil-ba4b1817b - waiting 1s before retry after error...
2026-03-02 04:28:49	INFO	[36m[FETCHING][0m URN: patel-bansil-ba4b1817b (attempt 2)
2026-03-02 04:28:49	ERROR	[31m[ERROR][0m URN: patel-bansil-ba4b1817b - non-rate-limit error: failed to execute request: Get "https://real-time-people-company-data.p.rapidapi.com/?username=patel-bansil-ba4b1817b": dial tcp: lookup real-time-people-company-data.p.rapidapi.com: no such host (attempt 2/3)
2026-03-02 04:28:49	INFO	[35m[SLEEPING][0m URN: patel-bansil-ba4b1817b - waiting 1s before retry after error...
